Determining if the pthread_create exist failed with the following output:
Change Dir: /home/saminda/Projects/SFND_Lidar_Obstacle_Detection/src/quiz/build-cluster-Desktop-Default/CMakeFiles/CMakeTmp

Run Build Command:"/usr/bin/make" "cmTC_84a72/fast"
/usr/bin/make -f CMakeFiles/cmTC_84a72.dir/build.make CMakeFiles/cmTC_84a72.dir/build
make[1]: Entering directory '/home/saminda/Projects/SFND_Lidar_Obstacle_Detection/src/quiz/build-cluster-Desktop-Default/CMakeFiles/CMakeTmp'
Building C object CMakeFiles/cmTC_84a72.dir/CheckSymbolExists.c.o
/usr/bin/gcc    -o CMakeFiles/cmTC_84a72.dir/CheckSymbolExists.c.o   -c /home/saminda/Projects/SFND_Lidar_Obstacle_Detection/src/quiz/build-cluster-Desktop-Default/CMakeFiles/CMakeTmp/CheckSymbolExists.c
Linking C executable cmTC_84a72
/usr/bin/cmake -E cmake_link_script CMakeFiles/cmTC_84a72.dir/link.txt --verbose=1
/usr/bin/gcc      -rdynamic CMakeFiles/cmTC_84a72.dir/CheckSymbolExists.c.o  -o cmTC_84a72 
CMakeFiles/cmTC_84a72.dir/CheckSymbolExists.c.o: In function `main':
CheckSymbolExists.c:(.text+0x15): undefined reference to `pthread_create'
collect2: error: ld returned 1 exit status
CMakeFiles/cmTC_84a72.dir/build.make:97: recipe for target 'cmTC_84a72' failed
make[1]: *** [cmTC_84a72] Error 1
make[1]: Leaving directory '/home/saminda/Projects/SFND_Lidar_Obstacle_Detection/src/quiz/build-cluster-Desktop-Default/CMakeFiles/CMakeTmp'
Makefile:126: recipe for target 'cmTC_84a72/fast' failed
make: *** [cmTC_84a72/fast] Error 2

File /home/saminda/Projects/SFND_Lidar_Obstacle_Detection/src/quiz/build-cluster-Desktop-Default/CMakeFiles/CMakeTmp/CheckSymbolExists.c:
/* */
#include <pthread.h>

int main(int argc, char** argv)
{
  (void)argv;
#ifndef pthread_create
  return ((int*)(&pthread_create))[argc];
#else
  (void)argc;
  return 0;
#endif
}

Determining if the function pthread_create exists in the pthreads failed with the following output:
Change Dir: /home/saminda/Projects/SFND_Lidar_Obstacle_Detection/src/quiz/build-cluster-Desktop-Default/CMakeFiles/CMakeTmp

Run Build Command:"/usr/bin/make" "cmTC_90908/fast"
/usr/bin/make -f CMakeFiles/cmTC_90908.dir/build.make CMakeFiles/cmTC_90908.dir/build
make[1]: Entering directory '/home/saminda/Projects/SFND_Lidar_Obstacle_Detection/src/quiz/build-cluster-Desktop-Default/CMakeFiles/CMakeTmp'
Building C object CMakeFiles/cmTC_90908.dir/CheckFunctionExists.c.o
/usr/bin/gcc   -DCHECK_FUNCTION_EXISTS=pthread_create   -o CMakeFiles/cmTC_90908.dir/CheckFunctionExists.c.o   -c /usr/share/cmake-3.10/Modules/CheckFunctionExists.c
Linking C executable cmTC_90908
/usr/bin/cmake -E cmake_link_script CMakeFiles/cmTC_90908.dir/link.txt --verbose=1
/usr/bin/gcc  -DCHECK_FUNCTION_EXISTS=pthread_create    -rdynamic CMakeFiles/cmTC_90908.dir/CheckFunctionExists.c.o  -o cmTC_90908 -lpthreads 
/usr/bin/ld: cannot find -lpthreads
collect2: error: ld returned 1 exit status
CMakeFiles/cmTC_90908.dir/build.make:97: recipe for target 'cmTC_90908' failed
make[1]: *** [cmTC_90908] Error 1
make[1]: Leaving directory '/home/saminda/Projects/SFND_Lidar_Obstacle_Detection/src/quiz/build-cluster-Desktop-Default/CMakeFiles/CMakeTmp'
Makefile:126: recipe for target 'cmTC_90908/fast' failed
make: *** [cmTC_90908/fast] Error 2


